Time,Level,Message
2025-11-08 10:00:00,INFO,CPU: 35%, Memory: 62%, Disk: 40%
2025-11-08 10:05:00,INFO,CPU: 45%, Memory: 70%, Disk: 44%
2025-11-08 10:10:00,INFO,CPU: 55%, Memory: 72%, Disk: 48%
2025-11-08 10:15:00,INFO,CPU: 40%, Memory: 68%, Disk: 46%2025-11-08 12:17:55,545:INFO:\U0001f680 Advanced Telegram Server Monitor started.
2025-11-08 12:17:56,576:INFO:CPU: 33.7%, Memory: 95.7%, Disk: 27.3%, Sent: 80.99MB, Received: 316.82MB
2025-11-08 12:17:58,088:INFO:Telegram alert sent.

2025-11-08 12:18:59,132:INFO:CPU: 3.4%, Memory: 91.4%, Disk: 27.3%, Sent: 81.37MB, Received: 317.95MB
2025-11-08 12:19:00,454:INFO:Telegram alert sent.
2025-11-08 12:19:00,472:ERROR:Error exporting logs: Error tokenizing data. C error: Expected 3 fields in line 2, saw 6

2025-11-08 12:20:01,535:INFO:CPU: 14.1%, Memory: 94.4%, Disk: 27.3%, Sent: 81.66MB, Received: 318.17MB
2025-11-08 12:20:03,192:INFO:Telegram alert sent.
2025-11-08 12:20:03,205:ERROR:Error exporting logs: Error tokenizing data. C error: Expected 3 fields in line 2, saw 6

2025-11-08 12:21:04,256:INFO:CPU: 14.3%, Memory: 92.1%, Disk: 27.3%, Sent: 82.19MB, Received: 319.02MB
2025-11-08 12:21:06,003:INFO:Telegram alert sent.
2025-11-08 12:21:06,017:ERROR:Error exporting logs: Error tokenizing data. C error: Expected 3 fields in line 2, saw 6

2025-11-08 12:22:07,066:INFO:CPU: 11.6%, Memory: 92.4%, Disk: 27.3%, Sent: 82.45MB, Received: 319.84MB
2025-11-08 12:22:08,785:INFO:Telegram alert sent.
2025-11-08 12:22:08,803:ERROR:Error exporting logs: Error tokenizing data. C error: Expected 3 fields in line 2, saw 6

2025-11-08 14:06:56,932:INFO:\U0001f680 Advanced Telegram Server Monitor started.
2025-11-08 14:06:57,962:INFO:CPU: 55.8%, Memory: 96.9%, Disk: 27.3%, Sent: 100.12MB, Received: 369.20MB
2025-11-08 14:07:00,022:INFO:Telegram alert sent.

2025-11-08 14:08:01,134:INFO:CPU: 44.7%, Memory: 95.0%, Disk: 27.3%, Sent: 100.51MB, Received: 371.16MB
2025-11-08 14:08:03,020:INFO:Telegram alert sent.
2025-11-08 14:08:03,303:ERROR:Error exporting logs: No module named 'openpyxl'
2025-11-08 14:09:04,366:INFO:CPU: 12.9%, Memory: 92.0%, Disk: 27.3%, Sent: 101.02MB, Received: 371.95MB
2025-11-08 14:09:06,287:INFO:Telegram alert sent.
2025-11-08 14:09:06,329:ERROR:Error exporting logs: No module named 'openpyxl'
2025-11-08 14:10:07,393:INFO:CPU: 10.0%, Memory: 87.6%, Disk: 27.3%, Sent: 101.20MB, Received: 372.68MB
2025-11-08 14:10:09,675:INFO:Telegram alert sent.
2025-11-08 14:10:09,721:ERROR:Error exporting logs: No module named 'openpyxl'
2025-11-08 14:11:10,775:INFO:CPU: 16.8%, Memory: 93.8%, Disk: 27.3%, Sent: 101.43MB, Received: 373.42MB
2025-11-08 14:11:12,307:INFO:Telegram alert sent.
2025-11-08 14:11:13,912:INFO:Logs exported to CSV and Excel successfully.
2025-11-08 14:17:54,170:INFO:\U0001f680 Advanced Telegram Server Monitor started.
2025-11-08 14:17:55,199:INFO:CPU: 44.6%, Memory: 97.9%, Disk: 27.3%, Sent: 106.53MB, Received: 470.18MB
2025-11-08 14:17:56,725:INFO:Telegram alert sent.
2025-11-08 14:18:58,029:INFO:CPU: 23.6%, Memory: 93.5%, Disk: 27.3%, Sent: 106.99MB, Received: 494.17MB
2025-11-08 14:19:00,064:INFO:Telegram alert sent.
2025-11-08 14:19:01,096:INFO:Logs exported to CSV and Excel successfully.
2025-11-08 14:20:02,221:INFO:CPU: 13.5%, Memory: 96.0%, Disk: 27.3%, Sent: 107.45MB, Received: 503.60MB
2025-11-08 14:20:04,319:INFO:Telegram alert sent.
2025-11-08 14:20:04,503:INFO:Logs exported to CSV and Excel successfully.
2025-11-08 14:21:05,618:INFO:CPU: 37.3%, Memory: 95.5%, Disk: 27.3%, Sent: 107.99MB, Received: 521.70MB
2025-11-08 14:21:07,631:INFO:Telegram alert sent.
2025-11-08 14:21:07,718:INFO:Logs exported to CSV and Excel successfully.
2025-11-08 14:22:08,828:INFO:CPU: 19.2%, Memory: 94.1%, Disk: 27.3%, Sent: 108.35MB, Received: 523.32MB
2025-11-08 14:22:10,713:INFO:Telegram alert sent.
2025-11-08 14:22:10,806:INFO:Logs exported to CSV and Excel successfully.
2025-11-08 14:23:11,927:INFO:CPU: 27.5%, Memory: 96.1%, Disk: 27.3%, Sent: 108.35MB, Received: 523.32MB
2025-11-08 14:23:12,022:ERROR:Telegram alert failed: HTTPSConnectionPool(host='api.telegram.org', port=443): Max retries exceeded with url: /bot8360785161:AAHiepJ3Pdj2NCSQhDS9l_O5c8FwYz-WBCY/sendMessage (Caused by NameResolutionError("<urllib3.connection.HTTPSConnection object at 0x000001E3D8555010>: Failed to resolve 'api.telegram.org' ([Errno 11001] getaddrinfo failed)"))
2025-11-08 14:23:12,240:INFO:Logs exported to CSV and Excel successfully.
2025-11-08 14:24:13,329:INFO:CPU: 39.5%, Memory: 96.5%, Disk: 27.3%, Sent: 108.35MB, Received: 523.32MB
2025-11-08 14:24:13,400:ERROR:Telegram alert failed: HTTPSConnectionPool(host='api.telegram.org', port=443): Max retries exceeded with url: /bot8360785161:AAHiepJ3Pdj2NCSQhDS9l_O5c8FwYz-WBCY/sendMessage (Caused by NameResolutionError("<urllib3.connection.HTTPSConnection object at 0x000001E3D8575070>: Failed to resolve 'api.telegram.org' ([Errno 11001] getaddrinfo failed)"))
2025-11-08 14:24:13,645:INFO:Logs exported to CSV and Excel successfully.
2025-11-08 14:25:14,731:INFO:CPU: 7.7%, Memory: 92.2%, Disk: 27.3%, Sent: 108.35MB, Received: 523.32MB
2025-11-08 14:25:14,783:ERROR:Telegram alert failed: HTTPSConnectionPool(host='api.telegram.org', port=443): Max retries exceeded with url: /bot8360785161:AAHiepJ3Pdj2NCSQhDS9l_O5c8FwYz-WBCY/sendMessage (Caused by NameResolutionError("<urllib3.connection.HTTPSConnection object at 0x000001E3D820D3D0>: Failed to resolve 'api.telegram.org' ([Errno 11001] getaddrinfo failed)"))
2025-11-08 14:25:14,867:INFO:Logs exported to CSV and Excel successfully.
2025-11-08 14:26:15,886:INFO:CPU: 11.0%, Memory: 91.3%, Disk: 27.3%, Sent: 108.35MB, Received: 523.32MB
2025-11-08 14:26:15,886:ERROR:Telegram alert failed: HTTPSConnectionPool(host='api.telegram.org', port=443): Max retries exceeded with url: /bot8360785161:AAHiepJ3Pdj2NCSQhDS9l_O5c8FwYz-WBCY/sendMessage (Caused by NameResolutionError("<urllib3.connection.HTTPSConnection object at 0x000001E3D637D640>: Failed to resolve 'api.telegram.org' ([Errno 11001] getaddrinfo failed)"))
2025-11-08 14:26:15,920:INFO:Logs exported to CSV and Excel successfully.
2025-11-08 14:27:16,953:INFO:CPU: 44.4%, Memory: 95.0%, Disk: 27.3%, Sent: 108.35MB, Received: 523.32MB
2025-11-08 14:27:16,955:ERROR:Telegram alert failed: HTTPSConnectionPool(host='api.telegram.org', port=443): Max retries exceeded with url: /bot8360785161:AAHiepJ3Pdj2NCSQhDS9l_O5c8FwYz-WBCY/sendMessage (Caused by NameResolutionError("<urllib3.connection.HTTPSConnection object at 0x000001E3D5FAF260>: Failed to resolve 'api.telegram.org' ([Errno 11001] getaddrinfo failed)"))
2025-11-08 14:27:16,983:INFO:Logs exported to CSV and Excel successfully.
2025-11-08 14:28:18,001:INFO:CPU: 6.2%, Memory: 93.5%, Disk: 27.3%, Sent: 108.35MB, Received: 523.32MB
2025-11-08 14:28:18,005:ERROR:Telegram alert failed: HTTPSConnectionPool(host='api.telegram.org', port=443): Max retries exceeded with url: /bot8360785161:AAHiepJ3Pdj2NCSQhDS9l_O5c8FwYz-WBCY/sendMessage (Caused by NameResolutionError("<urllib3.connection.HTTPSConnection object at 0x000001E3D85768D0>: Failed to resolve 'api.telegram.org' ([Errno 11001] getaddrinfo failed)"))
2025-11-08 14:28:18,035:INFO:Logs exported to CSV and Excel successfully.
2025-11-08 14:29:19,050:INFO:CPU: 8.8%, Memory: 90.9%, Disk: 27.3%, Sent: 108.35MB, Received: 523.32MB
2025-11-08 14:29:19,056:ERROR:Telegram alert failed: HTTPSConnectionPool(host='api.telegram.org', port=443): Max retries exceeded with url: /bot8360785161:AAHiepJ3Pdj2NCSQhDS9l_O5c8FwYz-WBCY/sendMessage (Caused by NameResolutionError("<urllib3.connection.HTTPSConnection object at 0x000001E3D8575CA0>: Failed to resolve 'api.telegram.org' ([Errno 11001] getaddrinfo failed)"))
2025-11-08 14:29:19,084:INFO:Logs exported to CSV and Excel successfully.
2025-11-08 14:30:20,108:INFO:CPU: 18.3%, Memory: 93.2%, Disk: 27.3%, Sent: 108.35MB, Received: 523.32MB
2025-11-08 14:30:20,110:ERROR:Telegram alert failed: HTTPSConnectionPool(host='api.telegram.org', port=443): Max retries exceeded with url: /bot8360785161:AAHiepJ3Pdj2NCSQhDS9l_O5c8FwYz-WBCY/sendMessage (Caused by NameResolutionError("<urllib3.connection.HTTPSConnection object at 0x000001E3D852F980>: Failed to resolve 'api.telegram.org' ([Errno 11001] getaddrinfo failed)"))
2025-11-08 14:30:20,140:INFO:Logs exported to CSV and Excel successfully.
2025-11-08 14:31:21,166:INFO:CPU: 13.1%, Memory: 93.7%, Disk: 27.3%, Sent: 108.35MB, Received: 523.32MB
2025-11-08 14:31:21,171:ERROR:Telegram alert failed: HTTPSConnectionPool(host='api.telegram.org', port=443): Max retries exceeded with url: /bot8360785161:AAHiepJ3Pdj2NCSQhDS9l_O5c8FwYz-WBCY/sendMessage (Caused by NameResolutionError("<urllib3.connection.HTTPSConnection object at 0x000001E3D8597F50>: Failed to resolve 'api.telegram.org' ([Errno 11001] getaddrinfo failed)"))
2025-11-08 14:31:21,196:INFO:Logs exported to CSV and Excel successfully.
2025-11-08 14:32:22,242:INFO:CPU: 15.8%, Memory: 89.1%, Disk: 27.3%, Sent: 108.35MB, Received: 523.32MB
2025-11-08 14:32:22,247:ERROR:Telegram alert failed: HTTPSConnectionPool(host='api.telegram.org', port=443): Max retries exceeded with url: /bot8360785161:AAHiepJ3Pdj2NCSQhDS9l_O5c8FwYz-WBCY/sendMessage (Caused by NameResolutionError("<urllib3.connection.HTTPSConnection object at 0x000001E3D85974D0>: Failed to resolve 'api.telegram.org' ([Errno 11001] getaddrinfo failed)"))
2025-11-08 14:32:22,289:INFO:Logs exported to CSV and Excel successfully.
2025-11-08 14:33:23,318:INFO:CPU: 19.5%, Memory: 94.4%, Disk: 27.3%, Sent: 108.35MB, Received: 523.32MB
2025-11-08 14:33:23,329:ERROR:Telegram alert failed: HTTPSConnectionPool(host='api.telegram.org', port=443): Max retries exceeded with url: /bot8360785161:AAHiepJ3Pdj2NCSQhDS9l_O5c8FwYz-WBCY/sendMessage (Caused by NameResolutionError("<urllib3.connection.HTTPSConnection object at 0x000001E3D85BC110>: Failed to resolve 'api.telegram.org' ([Errno 11001] getaddrinfo failed)"))
2025-11-08 14:33:23,370:INFO:Logs exported to CSV and Excel successfully.
2025-11-08 14:34:24,407:INFO:CPU: 10.4%, Memory: 94.5%, Disk: 27.3%, Sent: 108.35MB, Received: 523.32MB
2025-11-08 14:34:24,414:ERROR:Telegram alert failed: HTTPSConnectionPool(host='api.telegram.org', port=443): Max retries exceeded with url: /bot8360785161:AAHiepJ3Pdj2NCSQhDS9l_O5c8FwYz-WBCY/sendMessage (Caused by NameResolutionError("<urllib3.connection.HTTPSConnection object at 0x000001E3D85E6030>: Failed to resolve 'api.telegram.org' ([Errno 11001] getaddrinfo failed)"))
2025-11-08 14:34:24,454:INFO:Logs exported to CSV and Excel successfully.
2025-11-08 14:35:25,495:INFO:CPU: 18.4%, Memory: 94.2%, Disk: 27.3%, Sent: 108.80MB, Received: 524.33MB
2025-11-08 14:35:27,172:INFO:Telegram alert sent.
2025-11-08 14:35:27,308:INFO:Logs exported to CSV and Excel successfully.
2025-11-08 14:36:28,368:INFO:CPU: 10.7%, Memory: 94.3%, Disk: 27.3%, Sent: 109.21MB, Received: 525.87MB
2025-11-08 14:36:30,083:INFO:Telegram alert sent.
2025-11-08 14:36:30,196:INFO:Logs exported to CSV and Excel successfully.
2025-11-08 15:08:29,871:INFO:\U0001f680 Advanced Telegram Server Monitor started.
2025-11-08 15:08:30,984:INFO:Saved system stats to SQLite database.
2025-11-08 15:08:33,947:INFO:Telegram alert sent.
2025-11-08 15:09:35,070:INFO:Saved system stats to SQLite database.
2025-11-08 15:09:37,450:INFO:Telegram alert sent.
2025-11-08 15:09:38,546:INFO:Logs exported to CSV and Excel successfully.
2025-11-08 15:10:39,678:INFO:Saved system stats to SQLite database.
2025-11-08 15:10:44,624:INFO:Telegram alert sent.
2025-11-08 15:10:44,793:INFO:Logs exported to CSV and Excel successfully.
2025-11-08 15:11:23,567:INFO:\U0001f680 Advanced Telegram Server Monitor started.
2025-11-08 15:11:24,605:INFO:Saved system stats to SQLite database.
2025-11-08 15:11:26,410:INFO:Telegram alert sent.
2025-11-08 15:12:27,520:INFO:Saved system stats to SQLite database.
2025-11-08 15:12:30,610:INFO:Telegram alert sent.
2025-11-08 15:12:31,281:INFO:Logs exported to CSV and Excel successfully.
2025-11-08 15:13:55,079:INFO:\U0001f680 Advanced Telegram Server Monitor started.
2025-11-08 15:13:56,123:INFO:Saved system stats to SQLite database.
2025-11-08 15:13:57,842:INFO:Telegram alert sent.
2025-11-08 15:14:58,894:INFO:Saved system stats to SQLite database.
2025-11-08 15:15:01,027:INFO:Telegram alert sent.
2025-11-08 15:15:01,532:INFO:Logs exported to CSV and Excel successfully.
2025-11-08 15:16:02,670:INFO:Saved system stats to SQLite database.
2025-11-08 15:16:05,566:INFO:Telegram alert sent.
2025-11-08 15:16:05,810:INFO:Logs exported to CSV and Excel successfully.
2025-11-08 19:46:25,125:INFO:\U0001f680 Advanced Telegram Server Monitor started.
2025-11-08 19:46:26,159:INFO:Saved system stats to SQLite database.
2025-11-08 19:46:29,096:INFO:Telegram alert sent.
2025-11-08 19:47:30,186:INFO:Saved system stats to SQLite database.
2025-11-08 19:47:33,216:INFO:Telegram alert sent.
2025-11-08 19:47:34,294:INFO:Logs exported to CSV and Excel successfully.
2025-11-08 19:48:35,386:INFO:Saved system stats to SQLite database.
2025-11-08 19:48:38,037:INFO:Telegram alert sent.
2025-11-08 19:48:38,241:INFO:Logs exported to CSV and Excel successfully.
2025-11-08 19:49:39,379:INFO:Saved system stats to SQLite database.
2025-11-08 19:49:42,150:INFO:Telegram alert sent.
2025-11-08 19:49:42,396:INFO:Logs exported to CSV and Excel successfully.
2025-11-08 19:51:56,019:INFO:\U0001f680 Advanced Telegram Server Monitor started.
2025-11-08 19:51:57,086:INFO:Saved system stats to SQLite database.
2025-11-08 19:51:59,871:INFO:Telegram alert sent.
2025-11-08 19:53:01,007:INFO:Saved system stats to SQLite database.
2025-11-08 19:53:03,770:INFO:Telegram alert sent.
2025-11-08 19:53:06,467:INFO:Logs exported to CSV and Excel successfully.
2025-11-08 19:54:07,665:INFO:Saved system stats to SQLite database.
2025-11-08 19:54:10,548:INFO:Telegram alert sent.
2025-11-08 19:54:10,795:INFO:Logs exported to CSV and Excel successfully.
2025-11-08 19:55:11,907:INFO:Saved system stats to SQLite database.
2025-11-08 19:55:14,557:INFO:Telegram alert sent.
2025-11-08 19:55:14,714:INFO:Logs exported to CSV and Excel successfully.
2025-11-08 19:56:15,892:INFO:Saved system stats to SQLite database.
2025-11-08 19:56:18,656:INFO:Telegram alert sent.
2025-11-08 19:56:18,767:INFO:Logs exported to CSV and Excel successfully.
